---
title: 微信消息备份
abbrlink: 789d7818
date: 2023-05-22 09:00:00
---

## 事情起因

小乖和我的微信聊天记录，因为我的原因被删除了，好可惜，我这里还有一份，想着可以导出来一份给小乖，于是做了这次尝试。


## 文件相关

MSGx.db文件一般用AES的64位密钥加密，微信在运行时会将该 aes key 放在内存里，因此我们只要知道 aes key 到基地址的偏移距离+基地址得到密钥地址，从而读取并解码，用于破解该数据库，最终用数据库软件打开就好。


假设微信信息存放在目录 `wechat_root=~/Library/Containers/com.tencent.xinWeChat/Data/Library/Application Support/com.tencent.xinWeChat/xxx_version/xxx` 下的相关AES加密的sqlite3数据库文件中：

联系人: wechat_root/Contanct/wccontact_new2.db
群聊: wechat_root/Group/group_new.db
聊天记录: wechat_root/Message/msg_xxx.db
想办法解密数据库文件就可以获取到想要的信息了。


## AES Key 获取

macOS 上面的流程是：
打开微信客户端, 先不要登录，下调试断点
```
lldb -p $(pgrep WeChat)
br set -n sqlite3_key
continue
```
然后登录微信

登录之后，这时候电脑端微信是会卡在登陆界面的，不需要担心，回到Terminal

```bash
Process 1390 resuming
Process 1390 stopped
* thread #1, queue = 'com.apple.main-thread', stop reason = breakpoint 1.1
    frame #0: 0x0000000107503cc4 WCDB`sqlite3_key
WCDB`sqlite3_key:
->  0x107503cc4 <+0>:  mov    x3, x2
    0x107503cc8 <+4>:  mov    x2, x1
    0x107503ccc <+8>:  adr    x1, #0x2c4d7              ; "main"
    0x107503cd0 <+12>: nop
Target 0: (WeChat) stopped.
```


输入`memory read --size 1 --format x --count 32 x1`，回车

上边打印的即为256-bit的aes key
你会看到类似如下的输出

```bash
0x60000243xxxx: 0xe8 0x8d 0x4a 0xd0 0x82 0x6a 0xe2 0x8f
0x60000243xxxx: 0x77 0x70 0x54 0xd4 0x8e 0x72 0x3a 0x1b
0x60000243xxxx: 0x0a 0xe7 0x9c 0x89 0x5f 0x49 0xb0 0xec
0x60000243xxxx: 0x79 0xdf 0x2a 0x68 0xd5 0x9c 0xb8 0xf5
```
这个就是我们要的 aes key。


## macOS 安全机制问题

```
(lldb) process attach --pid 59186
error: attach failed: attach failed (Not allowed to attach to process. Look in the console messages (Console.app), near the debugserver entries when the attached failed. The subsystem that denied the attach permission will likely have logged an informative message about why it was denied.)
```

lldb 的时候存在错误，确认是 macOS的安全机制问题。

搜索关键字 “macos m1 crsutil”， 得到答案。https://zhuanlan.zhihu.com/p/360720953

苹果 M1 Mac 电脑为了系统环境安全，再核心下引入了SIP（System Integrity Protection），又称Rootless mode机制，要进行设备的升级或者重刷就要将该机制关闭才能操作，因此我们必须要关闭SIP。

1. 苹果M1 Mac关机状态下长按开机键，直到出现设置后松开，进入恢复模式。
2. 按住开机键不松手直到出现画面，然后点击【选项】
3. 点击实用工具>点击终端。
4. 终端内输入命令：`csrutil disable`
5. 出现 System Integrity Protection is off. 证明 SIP 已成功关闭。
6. reboot

当然关闭 SIP 也存在风险，具体见 https://www.zhihu.com/question/40239893

## 处理 aes key


```python
# -*- coding: utf-8 -*-

ori_key = """
0x6000037c5c40: 0xf6 0xf0 0xf7 0xee 0xce 0xef 0x43 0xd9
0x6000037c5c48: 0x9b 0x19 0xf5 0xe2 0xc8 0x7b 0xc5 0x54
0x6000037c5c50: 0x16 0x9e 0x99 0x2d 0x39 0x1d 0x40 0xc6
0x6000037c5c58: 0x9b 0xc7 0x21 0x0e 0xd8 0xc7 0xbe 0x7a
"""

key = '0x' + ''.join(i.partition(':')[2]
               .replace('0x', '')
               .replace(' ', '') for i in ori_key.split('\n')[1:5])
print(key)
```

得到 aes key。这串密钥对于后续所有*.db文件是通用的。


## 获取微信聊天记录

可以使用 DB Brower 这种图形化界面的软件查看，也可以写脚本查看。

SQLCipher 3 default Raw key 模式输入前面得到的 aes key。

每一个Table代表你与一个人/群的聊天记录。

- mesLocalID：primary key，
- mesMesSvrID：服务端消息ID，
- msgCreateTime：消息创建时间（Unix time）
- msgContent：消息内容（格式为普通文本或XML）
- msgStatus：消息状态（3表示发送出去的消息，4表示收到的消息）
- msgImgStatus：图片状态
- messgaeType：消息类型（1表示普通文本，3表示图片，34表示语音，43表示视频，47表示表情包，48表示位置，49是分享消息）
- msgSource：消息来源（仅针对收到的消息）每一个Table代表你与一个人/群的聊天记录。


```python
#! /usr/bin/env python3
# -*- coding: utf-8 -*-

import hmac
import ctypes
import hashlib
from Crypto.Cipher import AES

def decrypt_msg(path, password):
    KEY_SIZE = 32
    DEFAULT_ITER = 64000
    DEFAULT_PAGESIZE = 4096  # 4048数据 + 16IV + 20 HMAC + 12
    SQLITE_FILE_HEADER = bytes("SQLite format 3", encoding="ASCII") + bytes(1)  # SQLite 文件头

    with open(path, "rb") as f:
        # TODO: 优化，考虑超大文件
        blist = f.read()

    salt = blist[:16]  # 前16字节为盐
    key = hashlib.pbkdf2_hmac("sha1", password, salt, DEFAULT_ITER, KEY_SIZE)  # 获得Key

    page1 = blist[16:DEFAULT_PAGESIZE]  # 丢掉salt

    mac_salt = bytes([x ^ 0x3a for x in salt])
    mac_key = hashlib.pbkdf2_hmac("sha1", key, mac_salt, 2, KEY_SIZE)

    hash_mac = hmac.new(mac_key, digestmod="sha1")
    hash_mac.update(page1[:-32])
    hash_mac.update(bytes(ctypes.c_int(1)))

    if hash_mac.digest() != page1[-32:-12]:
        raise RuntimeError("Wrong Password")

    pages = [blist[i:i+DEFAULT_PAGESIZE] for i in range(DEFAULT_PAGESIZE, len(blist), DEFAULT_PAGESIZE)]
    pages.insert(0, page1)  # 把第一页补上

    with open(f"{path}.dec.db", "wb") as f:
        f.write(SQLITE_FILE_HEADER)  # 写入文件头

        for i in pages:
            t = AES.new(key, AES.MODE_CBC, i[-48:-32])
            f.write(t.decrypt(i[:-48]))
            f.write(i[-48:])

if __name__ == "__main__":
    path = "E:/wechat/documents/WeChat Files/wxid_44cdgh0tng3o41/Msg/Multi/MSG0.db"
    key = bytes.fromhex("cannot tell u ") # 

    decrypt_msg(path, key)
```

## 后续

后续内容就是要根据消息，进行相关的内容展示，方便搜索，方便查询，以及还有对应的表情包，语音，链接，图片，各种内容的展示。不单单只有文字。
这个后续的展示内容就留着以后再做吧。


## 参考
1. [土办法导出 Mac 版微信聊天记录](https://www.v2ex.com/t/466053)
2. [iOS 微信的本地存储结构简析](https://daily.zhihu.com/story/8807166)
3. https://github.com/luin/wechat-export
4. https://github.com/BlueMatthew/WechatExporter
5. https://github.com/forest0/wechat_history_export

